<?xml version="1.0" encoding="UTF-8"?>
<!-- Generated by org.testng.reporters.JUnitReportReporter -->
<testsuite hostname="LAPTOP-DE-DAVID" failures="0" tests="3" name="testCases.Test2" time="3.079" errors="0" timestamp="2022-10-21T00:24:34 CDT" skipped="0">
  <testcase classname="testCases.Test2" name="verifyEmployee" time="1.097"/>
  <system-out/>
  <testcase classname="testCases.Test2" name="verifyEmployeeSalary" time="0.430"/>
  <system-out/>
  <testcase classname="testCases.Test2" name="testCase2" time="1.552"/>
  <system-out/>
</testsuite> <!-- testCases.Test2 -->
