<?xml version="1.0" encoding="UTF-8"?>
<!-- Generated by org.testng.reporters.JUnitReportReporter -->
<testsuite hostname="LAPTOP-DE-DAVID" failures="0" tests="1" name="testCases.test" time="2496.008" errors="0" timestamp="2022-10-20T23:01:05 CDT" skipped="0">
  <testcase classname="testCases.test" name="testCase1" time="2496.008"/>
  <system-out/>
</testsuite> <!-- testCases.test -->
